<?xml version="1.0" encoding="UTF-8"?>
<testng-results ignored="0" total="1" passed="1" failed="0" skipped="0">
  <reporter-output>
  </reporter-output>
  <suite started-at="2019-08-09T06:42:55Z" name="Suite" finished-at="2019-08-09T06:43:44Z" duration-ms="48578">
    <groups>
    </groups>
    <test started-at="2019-08-09T06:42:55Z" name="Test" finished-at="2019-08-09T06:43:44Z" duration-ms="48578">
      <class name="com.ebay.tests.VerifyLogin_Search_Checkout_Tests">
        <test-method is-config="true" signature="initializeSuite()[pri:0, instance:com.ebay.tests.VerifyLogin_Search_Checkout_Tests@13ad5cd3]" started-at="2019-08-09T06:42:48Z" name="initializeSuite" finished-at="2019-08-09T06:42:55Z" duration-ms="6883" status="PASS">
          <reporter-output>
          </reporter-output>
        </test-method> <!-- initializeSuite -->
        <test-method is-config="true" signature="beforeTest()[pri:0, instance:com.ebay.tests.VerifyLogin_Search_Checkout_Tests@13ad5cd3]" started-at="2019-08-09T06:42:55Z" name="beforeTest" finished-at="2019-08-09T06:42:55Z" duration-ms="3" status="PASS">
          <reporter-output>
          </reporter-output>
        </test-method> <!-- beforeTest -->
        <test-method is-config="true" signature="startTest(org.testng.ITestResult)[pri:0, instance:com.ebay.tests.VerifyLogin_Search_Checkout_Tests@13ad5cd3]" started-at="2019-08-09T06:42:55Z" name="startTest" finished-at="2019-08-09T06:42:55Z" duration-ms="2" status="PASS">
          <params>
            <param index="0">
              <value>
                <![CDATA[[TestResult name=verifyCheckout status=SUCCESS method=VerifyLogin_Search_Checkout_Tests.verifyCheckout(java.lang.String, java.lang.String, java.lang.String, java.lang.String)[pri:0, instance:com.ebay.tests.VerifyLogin_Search_Checkout_Tests@13ad5cd3] output={null}]]]>
              </value>
            </param>
          </params>
          <reporter-output>
          </reporter-output>
        </test-method> <!-- startTest -->
        <test-method signature="verifyCheckout(java.lang.String, java.lang.String, java.lang.String, java.lang.String)[pri:0, instance:com.ebay.tests.VerifyLogin_Search_Checkout_Tests@13ad5cd3]" started-at="2019-08-09T06:42:55Z" name="verifyCheckout" data-provider="TestData" finished-at="2019-08-09T06:43:44Z" duration-ms="48512" status="PASS">
          <params>
            <param index="0">
              <value>
                <![CDATA[p.reiin.saini@gmail.com]]>
              </value>
            </param>
            <param index="1">
              <value>
                <![CDATA[test@2019]]>
              </value>
            </param>
            <param index="2">
              <value>
                <![CDATA[presa4295]]>
              </value>
            </param>
            <param index="3">
              <value>
                <![CDATA[chocolate]]>
              </value>
            </param>
          </params>
          <reporter-output>
          </reporter-output>
        </test-method> <!-- verifyCheckout -->
        <test-method is-config="true" signature="completeTest()[pri:0, instance:com.ebay.tests.VerifyLogin_Search_Checkout_Tests@13ad5cd3]" started-at="2019-08-09T06:43:44Z" name="completeTest" finished-at="2019-08-09T06:43:45Z" duration-ms="1047" status="PASS">
          <reporter-output>
          </reporter-output>
        </test-method> <!-- completeTest -->
      </class> <!-- com.ebay.tests.VerifyLogin_Search_Checkout_Tests -->
    </test> <!-- Test -->
  </suite> <!-- Suite -->
</testng-results>
